{
  "RSpec": {
    "coverage": {
      "/Users/markpereira/Documents/Courses/WDI Course/Projects/wdi_third_project/onntask/config/environment.rb": [
        null,
        1,
        null,
        null,
        1
      ],
      "/Users/markpereira/Documents/Courses/WDI Course/Projects/wdi_third_project/onntask/config/application.rb": [
        1,
        null,
        1,
        null,
        null,
        null,
        1,
        null,
        1,
        1,
        null,
        null,
        null,
        null,
        null,
        null,
        null,
        null,
        null,
        null,
        null,
        null,
        null,
        null
      ],
      "/Users/markpereira/Documents/Courses/WDI Course/Projects/wdi_third_project/onntask/config/boot.rb": [
        null,
        1,
        null,
        1
      ],
      "/Users/markpereira/Documents/Courses/WDI Course/Projects/wdi_third_project/onntask/config/environments/test.rb": [
        1,
        null,
        null,
        null,
        null,
        null,
        null,
        1,
        null,
        null,
        null,
        null,
        1,
        null,
        null,
        1,
        1,
        null,
        null,
        1,
        1,
        null,
        null,
        1,
        null,
        null,
        1,
        null,
        null,
        null,
        null,
        1,
        null,
        null,
        1,
        null
      ],
      "/Users/markpereira/Documents/Courses/WDI Course/Projects/wdi_third_project/onntask/config/initializers/backtrace_silencers.rb": [
        null,
        null,
        null,
        null,
        null,
        null,
        null
      ],
      "/Users/markpereira/Documents/Courses/WDI Course/Projects/wdi_third_project/onntask/config/initializers/filter_parameter_logging.rb": [
        null,
        null,
        null,
        1
      ],
      "/Users/markpereira/Documents/Courses/WDI Course/Projects/wdi_third_project/onntask/config/initializers/inflections.rb": [
        null,
        null,
        null,
        null,
        null,
        null,
        null,
        null,
        null,
        null,
        null,
        null,
        null,
        null,
        null,
        null
      ],
      "/Users/markpereira/Documents/Courses/WDI Course/Projects/wdi_third_project/onntask/config/initializers/mime_types.rb": [
        null,
        null,
        null,
        null,
        null
      ],
      "/Users/markpereira/Documents/Courses/WDI Course/Projects/wdi_third_project/onntask/config/initializers/secret_token.rb": [
        null,
        null,
        null,
        null,
        null,
        null,
        null,
        null,
        null,
        null,
        null,
        1
      ],
      "/Users/markpereira/Documents/Courses/WDI Course/Projects/wdi_third_project/onntask/config/initializers/session_store.rb": [
        null,
        null,
        1
      ],
      "/Users/markpereira/Documents/Courses/WDI Course/Projects/wdi_third_project/onntask/config/initializers/wrap_parameters.rb": [
        null,
        null,
        null,
        null,
        null,
        null,
        1,
        1,
        null,
        null,
        null,
        null,
        null,
        null
      ],
      "/Users/markpereira/Documents/Courses/WDI Course/Projects/wdi_third_project/onntask/spec/factories.rb": [
        1,
        1,
        1,
        1,
        52,
        1,
        1,
        null,
        null,
        1,
        1,
        1,
        1,
        null,
        null
      ],
      "/Users/markpereira/Documents/Courses/WDI Course/Projects/wdi_third_project/onntask/config/routes.rb": [
        1,
        null,
        1,
        1,
        null,
        1,
        1,
        1,
        null,
        1,
        1,
        1,
        1,
        1,
        null,
        null,
        null,
        1,
        null,
        null,
        null,
        null,
        null,
        null,
        null,
        null,
        null,
        null,
        null,
        null,
        null,
        null,
        null,
        null,
        null,
        null,
        null,
        null,
        null,
        null,
        null,
        null,
        null,
        null,
        null,
        null,
        null,
        null,
        null,
        null,
        null,
        null,
        null,
        null,
        null,
        null,
        null,
        null,
        null,
        null,
        null,
        null,
        null,
        null,
        null,
        null,
        null,
        null,
        null,
        null,
        null,
        null,
        null,
        null
      ],
      "/Users/markpereira/Documents/Courses/WDI Course/Projects/wdi_third_project/onntask/app/helpers/application_helper.rb": [
        1,
        null
      ],
      "/Users/markpereira/Documents/Courses/WDI Course/Projects/wdi_third_project/onntask/app/helpers/password_resets_helper.rb": [
        1,
        null
      ],
      "/Users/markpereira/Documents/Courses/WDI Course/Projects/wdi_third_project/onntask/app/helpers/todo_items_helper.rb": [
        1,
        null
      ],
      "/Users/markpereira/Documents/Courses/WDI Course/Projects/wdi_third_project/onntask/app/helpers/todo_lists_helper.rb": [
        1,
        null
      ],
      "/Users/markpereira/Documents/Courses/WDI Course/Projects/wdi_third_project/onntask/app/helpers/user_sessions_helper.rb": [
        1,
        null
      ],
      "/Users/markpereira/Documents/Courses/WDI Course/Projects/wdi_third_project/onntask/app/helpers/users_helper.rb": [
        1,
        null
      ],
      "/Users/markpereira/Documents/Courses/WDI Course/Projects/wdi_third_project/onntask/spec/support/authentication_helpers.rb": [
        1,
        1,
        1,
        19,
        19,
        null,
        null,
        null,
        null,
        1,
        1,
        24,
        24,
        24,
        24,
        null,
        null,
        null
      ],
      "/Users/markpereira/Documents/Courses/WDI Course/Projects/wdi_third_project/onntask/spec/support/rails_dom_id_helper.rb": [
        1,
        1,
        16,
        null,
        null
      ],
      "/Users/markpereira/Documents/Courses/WDI Course/Projects/wdi_third_project/onntask/spec/support/todo_list_helpers.rb": [
        1,
        1,
        13,
        13,
        13,
        null,
        null,
        null
      ],
      "/Users/markpereira/Documents/Courses/WDI Course/Projects/wdi_third_project/onntask/app/controllers/password_resets_controller.rb": [
        1,
        null,
        1,
        null,
        null,
        1,
        6,
        6,
        4,
        4,
        4,
        4,
        null,
        2,
        2,
        null,
        null,
        null,
        1,
        0,
        0,
        null,
        0,
        null,
        null,
        null,
        1,
        0,
        0,
        0,
        0,
        0,
        null,
        0,
        0,
        null,
        null,
        null,
        1,
        1,
        0,
        null,
        null
      ],
      "/Users/markpereira/Documents/Courses/WDI Course/Projects/wdi_third_project/onntask/app/controllers/application_controller.rb": [
        1,
        null,
        null,
        1,
        1,
        null,
        1,
        210,
        null,
        null,
        1,
        111,
        108,
        null,
        3,
        null,
        null,
        null,
        null,
        null
      ],
      "/Users/markpereira/Documents/Courses/WDI Course/Projects/wdi_third_project/onntask/spec/controllers/todo_items_controller_spec.rb": [
        1,
        null,
        1,
        null,
        null
      ],
      "/Users/markpereira/Documents/Courses/WDI Course/Projects/wdi_third_project/onntask/app/controllers/todo_items_controller.rb": [
        1,
        1,
        1,
        1,
        null,
        null,
        1,
        3,
        3,
        null,
        null,
        1,
        3,
        3,
        1,
        1,
        null,
        2,
        2,
        null,
        null,
        null,
        1,
        3,
        null,
        null,
        1,
        3,
        3,
        1,
        1,
        null,
        2,
        2,
        null,
        null,
        null,
        1,
        1,
        1,
        1,
        null,
        0,
        null,
        1,
        null,
        null,
        1,
        1,
        1,
        1,
        null,
        null,
        null,
        1,
        207,
        null,
        null,
        1,
        1,
        31,
        null,
        null,
        null,
        1,
        6,
        null,
        null,
        null
      ],
      "/Users/markpereira/Documents/Courses/WDI Course/Projects/wdi_third_project/onntask/spec/controllers/todo_lists_controller_spec.rb": [
        1,
        null,
        null,
        null,
        null,
        null,
        null,
        null,
        null,
        null,
        null,
        null,
        null,
        null,
        null,
        null,
        null,
        null,
        null,
        null,
        1,
        null,
        null,
        null,
        null,
        17,
        null,
        null,
        null,
        null,
        20,
        20,
        null,
        1,
        19,
        null,
        null,
        1,
        1,
        1,
        1,
        1,
        1,
        0,
        null,
        null,
        1,
        1,
        1,
        1,
        null,
        null,
        null,
        null,
        1,
        1,
        1,
        1,
        0,
        0,
        null,
        null,
        null,
        1,
        1,
        1,
        1,
        1,
        null,
        null,
        null,
        1,
        1,
        1,
        1,
        0,
        0,
        null,
        null,
        null,
        1,
        1,
        1,
        1,
        1,
        null,
        null,
        null,
        1,
        1,
        1,
        1,
        null,
        null,
        1,
        1,
        1,
        null,
        null,
        1,
        1,
        1,
        1,
        null,
        null,
        1,
        1,
        1,
        1,
        1,
        null,
        null,
        null,
        null,
        1,
        1,
        null,
        1,
        1,
        1,
        null,
        null,
        1,
        null,
        1,
        1,
        1,
        null,
        null,
        null,
        null,
        1,
        1,
        1,
        1,
        null,
        null,
        null,
        null,
        1,
        1,
        null,
        null,
        1,
        1,
        1,
        0,
        null,
        null,
        1,
        1,
        1,
        0,
        null,
        null,
        null,
        1,
        1,
        1,
        null,
        1,
        1,
        0,
        null,
        null,
        1,
        1,
        null,
        1,
        1,
        0,
        null,
        null,
        null,
        null,
        1,
        1,
        1,
        1,
        1,
        null,
        null,
        null,
        1,
        1,
        1,
        0,
        null,
        null,
        null,
        null
      ],
      "/Users/markpereira/Documents/Courses/WDI Course/Projects/wdi_third_project/onntask/app/controllers/todo_lists_controller.rb": [
        1,
        1,
        1,
        null,
        null,
        null,
        null,
        1,
        null,
        null,
        1,
        51,
        null,
        null,
        null,
        null,
        1,
        null,
        null,
        null,
        1,
        6,
        null,
        null,
        null,
        1,
        null,
        null,
        null,
        null,
        1,
        7,
        7,
        7,
        null,
        7,
        7,
        10,
        5,
        null,
        4,
        2,
        null,
        null,
        null,
        null,
        null,
        null,
        1,
        0,
        0,
        null,
        0,
        0,
        0,
        0,
        null,
        0,
        0,
        null,
        null,
        null,
        null,
        null,
        null,
        1,
        0,
        0,
        0,
        0,
        null,
        null,
        null,
        1,
        null,
        1,
        13,
        null,
        null,
        null,
        1,
        7,
        null,
        null
      ],
      "/Users/markpereira/Documents/Courses/WDI Course/Projects/wdi_third_project/onntask/spec/controllers/user_sessions_controller_spec.rb": [
        1,
        null,
        1,
        null,
        1,
        1,
        1,
        1,
        null,
        null,
        1,
        1,
        1,
        null,
        null,
        null,
        1,
        1,
        6,
        null,
        1,
        1,
        1,
        1,
        null,
        null,
        1,
        1,
        1,
        null,
        null,
        null,
        1,
        1,
        1,
        1,
        null,
        null,
        1,
        1,
        1,
        null,
        null,
        1,
        1,
        1,
        null,
        null,
        null,
        1,
        3,
        3,
        3,
        null,
        null,
        3,
        3,
        3,
        null,
        null,
        null,
        1,
        3,
        3,
        1,
        null,
        null,
        1,
        3,
        3,
        3,
        1,
        null,
        null,
        1,
        3,
        3,
        1,
        null,
        null,
        null,
        null
      ],
      "/Users/markpereira/Documents/Courses/WDI Course/Projects/wdi_third_project/onntask/app/controllers/user_sessions_controller.rb": [
        1,
        1,
        null,
        null,
        1,
        37,
        37,
        29,
        29,
        29,
        null,
        8,
        8,
        null,
        null,
        null,
        1,
        0,
        0,
        null,
        null,
        null
      ],
      "/Users/markpereira/Documents/Courses/WDI Course/Projects/wdi_third_project/onntask/spec/controllers/users_controller_spec.rb": [
        1,
        null,
        null,
        null,
        null,
        null,
        null,
        null,
        null,
        null,
        null,
        null,
        null,
        null,
        null,
        null,
        null,
        null,
        null,
        null,
        1,
        null,
        null,
        null,
        null,
        1,
        null,
        null,
        null,
        null,
        null,
        null,
        12,
        null,
        null,
        null,
        null,
        16,
        null,
        1,
        1,
        1,
        1,
        null,
        null,
        null,
        1,
        1,
        1,
        1,
        1,
        null,
        null,
        null,
        1,
        1,
        1,
        1,
        1,
        null,
        null,
        null,
        1,
        1,
        1,
        1,
        null,
        null,
        1,
        1,
        1,
        null,
        null,
        null,
        1,
        1,
        null,
        1,
        1,
        1,
        null,
        null,
        1,
        1,
        1,
        null,
        null,
        1,
        null,
        1,
        1,
        1,
        null,
        null,
        null,
        null,
        1,
        1,
        1,
        1,
        null,
        null,
        null,
        null,
        1,
        1,
        null,
        null,
        1,
        1,
        1,
        1,
        null,
        null,
        1,
        1,
        1,
        1,
        null,
        null,
        null,
        1,
        1,
        1,
        null,
        1,
        1,
        1,
        null,
        null,
        1,
        1,
        null,
        1,
        1,
        1,
        null,
        null,
        null,
        null,
        1,
        1,
        1,
        1,
        1,
        null,
        null,
        null,
        1,
        1,
        1,
        1,
        null,
        null,
        null,
        null
      ],
      "/Users/markpereira/Documents/Courses/WDI Course/Projects/wdi_third_project/onntask/app/controllers/users_controller.rb": [
        1,
        1,
        null,
        null,
        null,
        1,
        0,
        null,
        null,
        1,
        2,
        null,
        null,
        null,
        1,
        null,
        null,
        null,
        null,
        1,
        7,
        null,
        7,
        7,
        5,
        10,
        5,
        null,
        4,
        2,
        null,
        null,
        null,
        null,
        null,
        null,
        1,
        5,
        5,
        4,
        2,
        null,
        6,
        3,
        null,
        null,
        null,
        null,
        null,
        null,
        1,
        2,
        2,
        4,
        2,
        null,
        null,
        null,
        1,
        null,
        1,
        9,
        null,
        null,
        null,
        1,
        12,
        null,
        null
      ],
      "/Users/markpereira/Documents/Courses/WDI Course/Projects/wdi_third_project/onntask/spec/features/todo_items/complete_spec.rb": [
        1,
        null,
        1,
        4,
        4,
        4,
        4,
        null,
        1,
        1,
        1,
        1,
        1,
        null,
        1,
        1,
        null,
        null,
        1,
        3,
        null,
        1,
        1,
        1,
        1,
        null,
        null,
        null,
        1,
        1,
        1,
        1,
        null,
        null,
        null,
        null
      ],
      "/Users/markpereira/Documents/Courses/WDI Course/Projects/wdi_third_project/onntask/spec/features/todo_items/create_spec.rb": [
        1,
        null,
        1,
        4,
        4,
        4,
        null,
        1,
        1,
        1,
        1,
        1,
        1,
        null,
        1,
        0,
        null,
        null,
        null,
        1,
        1,
        1,
        1,
        1,
        1,
        1,
        null,
        1,
        null,
        null,
        1,
        1,
        1,
        1,
        1,
        1,
        1,
        null,
        1,
        null,
        null
      ],
      "/Users/markpereira/Documents/Courses/WDI Course/Projects/wdi_third_project/onntask/spec/features/todo_items/delete_spec.rb": [
        1,
        null,
        1,
        2,
        2,
        2,
        2,
        null,
        1,
        1,
        1,
        1,
        null,
        1,
        1,
        null,
        null
      ],
      "/Users/markpereira/Documents/Courses/WDI Course/Projects/wdi_third_project/onntask/spec/features/todo_items/edit_spec.rb": [
        1,
        null,
        1,
        4,
        4,
        4,
        4,
        null,
        1,
        1,
        1,
        1,
        null,
        1,
        1,
        1,
        1,
        1,
        null,
        null,
        1,
        1,
        1,
        1,
        null,
        1,
        1,
        1,
        1,
        1,
        1,
        null,
        null,
        1,
        1,
        1,
        1,
        null,
        1,
        1,
        1,
        1,
        1,
        1,
        null,
        null
      ],
      "/Users/markpereira/Documents/Courses/WDI Course/Projects/wdi_third_project/onntask/spec/features/todo_items/index_spec.rb": [
        1,
        null,
        1,
        4,
        4,
        4,
        null,
        null,
        1,
        1,
        1,
        0,
        null,
        null,
        null,
        1,
        1,
        1,
        null,
        null,
        1,
        1,
        1,
        null,
        1,
        null,
        1,
        null,
        0,
        0,
        0,
        null,
        null,
        null
      ],
      "/Users/markpereira/Documents/Courses/WDI Course/Projects/wdi_third_project/onntask/spec/features/todo_lists/create_spec.rb": [
        1,
        null,
        1,
        6,
        1,
        5,
        5,
        null,
        5,
        5,
        5,
        null,
        0,
        0,
        0,
        null,
        null,
        1,
        5,
        null,
        null,
        1,
        1,
        0,
        null,
        null,
        1,
        1,
        null,
        1,
        null,
        0,
        0,
        null,
        0,
        0,
        null,
        null,
        1,
        1,
        null,
        1,
        null,
        0,
        0,
        null,
        0,
        0,
        null,
        null,
        null,
        1,
        1,
        null,
        1,
        null,
        0,
        0,
        null,
        0,
        0,
        null,
        null,
        null,
        1,
        1,
        null,
        1,
        null,
        0,
        0,
        null,
        0,
        0,
        null,
        null,
        null
      ],
      "/Users/markpereira/Documents/Courses/WDI Course/Projects/wdi_third_project/onntask/spec/features/todo_lists/destroy_spec.rb": [
        1,
        null,
        1,
        1,
        2,
        null,
        1,
        1,
        null,
        null,
        1,
        1,
        null,
        1,
        1,
        null,
        0,
        0,
        null,
        null
      ],
      "/Users/markpereira/Documents/Courses/WDI Course/Projects/wdi_third_project/onntask/spec/features/todo_lists/edit_spec.rb": [
        1,
        null,
        1,
        1,
        6,
        null,
        1,
        5,
        5,
        5,
        null,
        5,
        5,
        4,
        null,
        null,
        4,
        4,
        4,
        null,
        null,
        1,
        5,
        null,
        null,
        1,
        1,
        null,
        1,
        null,
        null,
        0,
        null,
        0,
        0,
        0,
        null,
        null,
        1,
        1,
        0,
        0,
        0,
        0,
        null,
        null,
        1,
        1,
        0,
        null,
        null,
        1,
        1,
        0,
        null,
        null,
        1,
        1,
        0,
        null,
        null
      ],
      "/Users/markpereira/Documents/Courses/WDI Course/Projects/wdi_third_project/onntask/spec/features/todo_lists/index_spec.rb": [
        1,
        null,
        1,
        1,
        1,
        1,
        null,
        null,
        null
      ],
      "/Users/markpereira/Documents/Courses/WDI Course/Projects/wdi_third_project/onntask/spec/features/users/authentication_spec.rb": [
        1,
        null,
        1,
        1,
        1,
        1,
        1,
        1,
        1,
        null,
        1,
        1,
        null,
        null,
        null,
        1,
        1,
        1,
        1,
        1,
        null,
        1,
        1,
        null,
        null
      ],
      "/Users/markpereira/Documents/Courses/WDI Course/Projects/wdi_third_project/onntask/spec/features/users/registration_spec.rb": [
        1,
        null,
        1,
        1,
        1,
        null,
        1,
        1,
        1,
        null,
        1,
        1,
        1,
        1,
        1,
        1,
        null,
        1,
        null,
        null
      ],
      "/Users/markpereira/Documents/Courses/WDI Course/Projects/wdi_third_project/onntask/spec/helpers/password_resets_helper_spec.rb": [
        1,
        null,
        null,
        null,
        null,
        null,
        null,
        null,
        null,
        null,
        null,
        null,
        1,
        1,
        null
      ],
      "/Users/markpereira/Documents/Courses/WDI Course/Projects/wdi_third_project/onntask/spec/helpers/todo_items_helper_spec.rb": [
        1,
        null,
        null,
        null,
        null,
        null,
        null,
        null,
        null,
        null,
        null,
        null,
        1,
        1,
        null
      ],
      "/Users/markpereira/Documents/Courses/WDI Course/Projects/wdi_third_project/onntask/spec/helpers/todo_lists_helper_spec.rb": [
        1,
        null,
        null,
        null,
        null,
        null,
        null,
        null,
        null,
        null,
        null,
        null,
        1,
        1,
        null
      ],
      "/Users/markpereira/Documents/Courses/WDI Course/Projects/wdi_third_project/onntask/spec/helpers/user_sessions_helper_spec.rb": [
        1,
        null,
        null,
        null,
        null,
        null,
        null,
        null,
        null,
        null,
        null,
        null,
        1,
        1,
        null
      ],
      "/Users/markpereira/Documents/Courses/WDI Course/Projects/wdi_third_project/onntask/spec/helpers/users_helper_spec.rb": [
        1,
        null,
        1,
        null,
        null
      ],
      "/Users/markpereira/Documents/Courses/WDI Course/Projects/wdi_third_project/onntask/spec/mailers/notifier_spec.rb": [
        1,
        null,
        1,
        1,
        null
      ],
      "/Users/markpereira/Documents/Courses/WDI Course/Projects/wdi_third_project/onntask/app/mailers/notifier.rb": [
        1,
        1,
        1,
        null,
        1,
        4,
        4,
        null,
        null,
        null
      ],
      "/Users/markpereira/Documents/Courses/WDI Course/Projects/wdi_third_project/onntask/spec/models/todo_item_spec.rb": [
        1,
        null,
        1,
        2,
        null,
        1,
        3,
        null,
        1,
        1,
        1,
        null,
        null,
        1,
        1,
        1,
        null,
        null,
        null
      ],
      "/Users/markpereira/Documents/Courses/WDI Course/Projects/wdi_third_project/onntask/app/models/todo_item.rb": [
        1,
        1,
        null,
        1,
        null,
        4,
        4,
        null,
        1,
        16,
        null,
        null
      ],
      "/Users/markpereira/Documents/Courses/WDI Course/Projects/wdi_third_project/onntask/spec/models/todo_list_spec.rb": [
        1,
        null,
        1,
        1,
        2,
        2,
        null,
        null,
        1,
        3,
        null,
        1,
        1,
        1,
        null,
        null,
        1,
        1,
        1,
        null,
        null,
        null,
        1,
        3,
        null,
        1,
        1,
        1,
        null,
        null,
        1,
        1,
        1,
        null,
        null,
        null
      ],
      "/Users/markpereira/Documents/Courses/WDI Course/Projects/wdi_third_project/onntask/app/models/todo_list.rb": [
        1,
        1,
        1,
        null,
        1,
        1,
        1,
        1,
        null,
        null,
        1,
        3,
        null,
        null,
        1,
        3,
        null,
        null,
        null
      ],
      "/Users/markpereira/Documents/Courses/WDI Course/Projects/wdi_third_project/onntask/spec/models/user_spec.rb": [
        1,
        null,
        1,
        1,
        null,
        null,
        null,
        null,
        null,
        null,
        6,
        null,
        null,
        1,
        2,
        null,
        null,
        1,
        5,
        null,
        1,
        4,
        null,
        null,
        1,
        1,
        null,
        null,
        1,
        1,
        null,
        null,
        1,
        1,
        1,
        null,
        null,
        1,
        1,
        1,
        null,
        null,
        null,
        1,
        1,
        1,
        null,
        null,
        4,
        null,
        null,
        null,
        null,
        1,
        1,
        1,
        1,
        1,
        null,
        null,
        null,
        1,
        3,
        null,
        1,
        4,
        null,
        null,
        1,
        1,
        1,
        null,
        null,
        null
      ],
      "/Users/markpereira/Documents/Courses/WDI Course/Projects/wdi_third_project/onntask/app/models/user.rb": [
        1,
        1,
        1,
        null,
        1,
        null,
        null,
        null,
        null,
        null,
        1,
        null,
        1,
        86,
        null,
        null,
        1,
        6,
        null,
        null
      ],
      "/Users/markpereira/Documents/Courses/WDI Course/Projects/wdi_third_project/onntask/spec/requests/todo_lists_spec.rb": [
        1,
        null,
        1,
        1,
        1,
        null,
        1,
        1,
        null,
        null,
        null
      ],
      "/Users/markpereira/Documents/Courses/WDI Course/Projects/wdi_third_project/onntask/spec/routing/application_routing_spec.rb": [
        1,
        null,
        1,
        1,
        null,
        null
      ],
      "/Users/markpereira/Documents/Courses/WDI Course/Projects/wdi_third_project/onntask/spec/routing/todo_lists_routing_spec.rb": [
        1,
        null,
        1,
        1,
        null,
        1,
        1,
        null,
        null,
        1,
        1,
        null,
        null,
        1,
        1,
        null,
        null,
        1,
        1,
        null,
        null,
        1,
        1,
        null,
        null,
        1,
        1,
        null,
        null,
        1,
        1,
        null,
        null,
        1,
        1,
        null,
        null,
        null,
        null
      ],
      "/Users/markpereira/Documents/Courses/WDI Course/Projects/wdi_third_project/onntask/spec/routing/users_routing_spec.rb": [
        1,
        null,
        1,
        1,
        null,
        1,
        1,
        null,
        null,
        1,
        1,
        null,
        null,
        1,
        1,
        null,
        null,
        1,
        1,
        null,
        null,
        1,
        1,
        null,
        null,
        1,
        1,
        null,
        null,
        1,
        1,
        null,
        null,
        null,
        null
      ],
      "/Users/markpereira/Documents/Courses/WDI Course/Projects/wdi_third_project/onntask/spec/views/todo_items/index.html.erb_spec.rb": [
        1,
        null,
        1,
        1,
        null
      ],
      "/Users/markpereira/Documents/Courses/WDI Course/Projects/wdi_third_project/onntask/spec/views/todo_lists/edit.html.erb_spec.rb": [
        1,
        null,
        1,
        1,
        1,
        null,
        null,
        null,
        null,
        null,
        1,
        1,
        null,
        null,
        1,
        1,
        1,
        null,
        null,
        null
      ],
      "/Users/markpereira/Documents/Courses/WDI Course/Projects/wdi_third_project/onntask/spec/views/todo_lists/index.html.erb_spec.rb": [
        1,
        null,
        1,
        1,
        0,
        null,
        null,
        null,
        null,
        null,
        null,
        null,
        null,
        null,
        null,
        null,
        null,
        null,
        null,
        null,
        null,
        null,
        null
      ],
      "/Users/markpereira/Documents/Courses/WDI Course/Projects/wdi_third_project/onntask/spec/views/todo_lists/new.html.erb_spec.rb": [
        1,
        null,
        1,
        1,
        1,
        null,
        null,
        null,
        null,
        null,
        1,
        1,
        null,
        null,
        1,
        1,
        1,
        null,
        null,
        null
      ],
      "/Users/markpereira/Documents/Courses/WDI Course/Projects/wdi_third_project/onntask/spec/views/todo_lists/show.html.erb_spec.rb": [
        1,
        null,
        1,
        1,
        1,
        null,
        null,
        null,
        null,
        null,
        1,
        1,
        null,
        1,
        1,
        null,
        null
      ],
      "/Users/markpereira/Documents/Courses/WDI Course/Projects/wdi_third_project/onntask/spec/views/user_sessions/new.html.erb_spec.rb": [
        1,
        null,
        1,
        1,
        null
      ],
      "/Users/markpereira/Documents/Courses/WDI Course/Projects/wdi_third_project/onntask/spec/views/users/edit.html.erb_spec.rb": [
        1,
        null,
        1,
        1,
        1,
        null,
        null,
        null,
        null,
        null,
        null,
        null,
        1,
        1,
        null,
        null,
        1,
        1,
        1,
        1,
        1,
        null,
        null,
        null
      ],
      "/Users/markpereira/Documents/Courses/WDI Course/Projects/wdi_third_project/onntask/spec/views/users/new.html.erb_spec.rb": [
        1,
        null,
        1,
        1,
        1,
        null,
        null,
        null,
        null,
        null,
        null,
        null,
        1,
        1,
        null,
        null,
        1,
        1,
        1,
        1,
        1,
        null,
        null,
        null
      ],
      "/Users/markpereira/Documents/Courses/WDI Course/Projects/wdi_third_project/onntask/spec/views/users/show.html.erb_spec.rb": [
        1,
        null,
        1,
        1,
        1,
        null,
        null,
        null,
        null,
        null,
        null,
        null,
        1,
        1,
        null,
        1,
        1,
        1,
        null,
        null
      ]
    },
    "timestamp": 1400599475
  }
}
